# JRE version: Java(TM) SE Runtime Environment (21.0.2+13) (build 21.0.2+13-LTS-58)
# Java VM: Java HotSpot(TM) 64-Bit Server VM (21.0.2+13-LTS-58, mixed mode, sharing, tiered, compressed oops, compressed class ptrs, g1 gc, windows-amd64)
GC Precious Log:
 CardTable entry size: 512
 Card Set container configuration: InlinePtr #cards 5 size 8 Array Of Cards #cards 12 size 40 Howl #buckets 4 coarsen threshold 1843 Howl Bitmap #cards 512 size 80 coarsen threshold 460 Card regions per heap region 1 cards per card region 2048
 CPUs: 12 total, 12 available
 Memory: 3406M
 Large Page Support: Disabled
 NUMA Support: Disabled
 Compressed Oops: Enabled (32-bit)
 Heap Region Size: 1M
 Heap Min Capacity: 8M
 Heap Initial Capacity: 54M
 Heap Max Capacity: 852M
 Pre-touch: Disabled
 Parallel Workers: 10
 Concurrent Workers: 3
 Concurrent Refinement Workers: 10
 Periodic GC: Disabled
Heap:
 garbage-first heap   total 564224K, used 304694K [0x00000000cac00000, 0x0000000100000000)
  region size 1024K, 5 young (5120K), 3 survivors (3072K)
 Metaspace       used 16159K, committed 16384K, reserved 1114112K
  class space    used 1820K, committed 1920K, reserved 1048576K
GC Heap History (20 events):
Event: 3.798 GC heap before
{Heap before GC invocations=13 (full 0):
 garbage-first heap   total 193536K, used 98016K [0x00000000cac00000, 0x0000000100000000)
  region size 1024K, 4 young (4096K), 1 survivors (1024K)
 Metaspace       used 6753K, committed 6976K, reserved 1114112K
  class space    used 717K, committed 832K, reserved 1048576K
}
Event: 3.800 GC heap after
{Heap after GC invocations=14 (full 0):
 garbage-first heap   total 193536K, used 95903K [0x00000000cac00000, 0x0000000100000000)
  region size 1024K, 1 young (1024K), 1 survivors (1024K)
 Metaspace       used 6753K, committed 6976K, reserved 1114112K
  class space    used 717K, committed 832K, reserved 1048576K
}
Event: 3.933 GC heap before
{Heap before GC invocations=15 (full 0):
 garbage-first heap   total 198656K, used 117407K [0x00000000cac00000, 0x0000000100000000)
  region size 1024K, 2 young (2048K), 1 survivors (1024K)
 Metaspace       used 6753K, committed 6976K, reserved 1114112K
  class space    used 717K, committed 832K, reserved 1048576K
}
Event: 3.936 GC heap after
{Heap after GC invocations=16 (full 0):
 garbage-first heap   total 198656K, used 117469K [0x00000000cac00000, 0x0000000100000000)
  region size 1024K, 1 young (1024K), 1 survivors (1024K)
 Metaspace       used 6753K, committed 6976K, reserved 1114112K
  class space    used 717K, committed 832K, reserved 1048576K
}
Event: 4.349 GC heap before
{Heap before GC invocations=17 (full 0):
 garbage-first heap   total 362496K, used 284381K [0x00000000cac00000, 0x0000000100000000)
  region size 1024K, 68 young (69632K), 1 survivors (1024K)
 Metaspace       used 6753K, committed 6976K, reserved 1114112K
  class space    used 717K, committed 832K, reserved 1048576K
}
Event: 4.352 GC heap after
{Heap after GC invocations=18 (full 0):
 garbage-first heap   total 362496K, used 216804K [0x00000000cac00000, 0x0000000100000000)
  region size 1024K, 1 young (1024K), 1 survivors (1024K)
 Metaspace       used 6753K, committed 6976K, reserved 1114112K
  class space    used 717K, committed 832K, reserved 1048576K
}
Event: 4.469 GC heap before
{Heap before GC invocations=18 (full 0):
 garbage-first heap   total 362496K, used 248548K [0x00000000cac00000, 0x0000000100000000)
  region size 1024K, 33 young (33792K), 1 survivors (1024K)
 Metaspace       used 6753K, committed 6976K, reserved 1114112K
  class space    used 717K, committed 832K, reserved 1048576K
}
Event: 4.470 GC heap after
{Heap after GC invocations=19 (full 0):
 garbage-first heap   total 362496K, used 195215K [0x00000000cac00000, 0x0000000100000000)
  region size 1024K, 1 young (1024K), 1 survivors (1024K)
 Metaspace       used 6753K, committed 6976K, reserved 1114112K
  class space    used 717K, committed 832K, reserved 1048576K
}
Event: 4.575 GC heap before
{Heap before GC invocations=20 (full 0):
 garbage-first heap   total 363520K, used 216719K [0x00000000cac00000, 0x0000000100000000)
  region size 1024K, 2 young (2048K), 1 survivors (1024K)
 Metaspace       used 6753K, committed 6976K, reserved 1114112K
  class space    used 717K, committed 832K, reserved 1048576K
}
Event: 4.578 GC heap after
{Heap after GC invocations=21 (full 0):
 garbage-first heap   total 390144K, used 216837K [0x00000000cac00000, 0x0000000100000000)
  region size 1024K, 1 young (1024K), 1 survivors (1024K)
 Metaspace       used 6753K, committed 6976K, reserved 1114112K
  class space    used 717K, committed 832K, reserved 1048576K
}
Event: 5.235 GC heap before
{Heap before GC invocations=22 (full 0):
 garbage-first heap   total 390144K, used 220933K [0x00000000cac00000, 0x0000000100000000)
  region size 1024K, 4 young (4096K), 1 survivors (1024K)
 Metaspace       used 6753K, committed 6976K, reserved 1114112K
  class space    used 717K, committed 832K, reserved 1048576K
}
Event: 5.239 GC heap after
{Heap after GC invocations=23 (full 0):
 garbage-first heap   total 390144K, used 197279K [0x00000000cac00000, 0x0000000100000000)
  region size 1024K, 1 young (1024K), 1 survivors (1024K)
 Metaspace       used 6753K, committed 6976K, reserved 1114112K
  class space    used 717K, committed 832K, reserved 1048576K
}
Event: 5.387 GC heap before
{Heap before GC invocations=24 (full 0):
 garbage-first heap   total 390144K, used 217759K [0x00000000cac00000, 0x0000000100000000)
  region size 1024K, 2 young (2048K), 1 survivors (1024K)
 Metaspace       used 6753K, committed 6976K, reserved 1114112K
  class space    used 717K, committed 832K, reserved 1048576K
}
Event: 5.391 GC heap after
{Heap after GC invocations=25 (full 0):
 garbage-first heap   total 390144K, used 217872K [0x00000000cac00000, 0x0000000100000000)
  region size 1024K, 1 young (1024K), 1 survivors (1024K)
 Metaspace       used 6753K, committed 6976K, reserved 1114112K
  class space    used 717K, committed 832K, reserved 1048576K
}
Event: 6.001 GC heap before
{Heap before GC invocations=26 (full 0):
 garbage-first heap   total 529408K, used 417552K [0x00000000cac00000, 0x0000000100000000)
  region size 1024K, 100 young (102400K), 1 survivors (1024K)
 Metaspace       used 6753K, committed 6976K, reserved 1114112K
  class space    used 717K, committed 832K, reserved 1048576K
}
Event: 6.004 GC heap after
{Heap after GC invocations=27 (full 0):
 garbage-first heap   total 529408K, used 296634K [0x00000000cac00000, 0x0000000100000000)
  region size 1024K, 1 young (1024K), 1 survivors (1024K)
 Metaspace       used 6753K, committed 6976K, reserved 1114112K
  class space    used 717K, committed 832K, reserved 1048576K
}
Event: 6.164 GC heap before
{Heap before GC invocations=28 (full 0):
 garbage-first heap   total 531456K, used 317114K [0x00000000cac00000, 0x0000000100000000)
  region size 1024K, 2 young (2048K), 1 survivors (1024K)
 Metaspace       used 6753K, committed 6976K, reserved 1114112K
  class space    used 717K, committed 832K, reserved 1048576K
}
Event: 6.185 GC heap after
{Heap after GC invocations=29 (full 0):
 garbage-first heap   total 564224K, used 317266K [0x00000000cac00000, 0x0000000100000000)
  region size 1024K, 1 young (1024K), 1 survivors (1024K)
 Metaspace       used 6753K, committed 6976K, reserved 1114112K
  class space    used 717K, committed 832K, reserved 1048576K
}
Event: 9.108 GC heap before
{Heap before GC invocations=30 (full 0):
 garbage-first heap   total 564224K, used 334674K [0x00000000cac00000, 0x0000000100000000)
  region size 1024K, 17 young (17408K), 1 survivors (1024K)
 Metaspace       used 16143K, committed 16384K, reserved 1114112K
  class space    used 1817K, committed 1920K, reserved 1048576K
}
Event: 9.116 GC heap after
{Heap after GC invocations=31 (full 0):
 garbage-first heap   total 564224K, used 301622K [0x00000000cac00000, 0x0000000100000000)
  region size 1024K, 3 young (3072K), 3 survivors (3072K)
 Metaspace       used 16143K, committed 16384K, reserved 1114112K
  class space    used 1817K, committed 1920K, reserved 1048576K
}

