# JRE version: Java(TM) SE Runtime Environment (21.0.2+13) (build 21.0.2+13-LTS-58)
# Java VM: Java HotSpot(TM) 64-Bit Server VM (21.0.2+13-LTS-58, mixed mode, sharing, tiered, compressed oops, compressed class ptrs, g1 gc, windows-amd64)
GC Precious Log:
 CardTable entry size: 512
 Card Set container configuration: InlinePtr #cards 5 size 8 Array Of Cards #cards 12 size 40 Howl #buckets 4 coarsen threshold 1843 Howl Bitmap #cards 512 size 80 coarsen threshold 460 Card regions per heap region 1 cards per card region 2048
 CPUs: 12 total, 12 available
 Memory: 3406M
 Large Page Support: Disabled
 NUMA Support: Disabled
 Compressed Oops: Enabled (32-bit)
 Heap Region Size: 1M
 Heap Min Capacity: 8M
 Heap Initial Capacity: 54M
 Heap Max Capacity: 852M
 Pre-touch: Disabled
 Parallel Workers: 10
 Concurrent Workers: 3
 Concurrent Refinement Workers: 10
 Periodic GC: Disabled
Heap:
 garbage-first heap   total 204800K, used 120371K [0x00000000cac00000, 0x0000000100000000)
  region size 1024K, 4 young (4096K), 4 survivors (4096K)
 Metaspace       used 16622K, committed 16896K, reserved 1114112K
  class space    used 1841K, committed 1984K, reserved 1048576K
GC Heap History (20 events):
Event: 2.214 GC heap after
{Heap after GC invocations=1 (full 0):
 garbage-first heap   total 55296K, used 13272K [0x00000000cac00000, 0x0000000100000000)
  region size 1024K, 2 young (2048K), 2 survivors (2048K)
 Metaspace       used 6408K, committed 6720K, reserved 1114112K
  class space    used 684K, committed 832K, reserved 1048576K
}
Event: 2.787 GC heap before
{Heap before GC invocations=1 (full 0):
 garbage-first heap   total 55296K, used 29656K [0x00000000cac00000, 0x0000000100000000)
  region size 1024K, 11 young (11264K), 2 survivors (2048K)
 Metaspace       used 6764K, committed 6976K, reserved 1114112K
  class space    used 716K, committed 832K, reserved 1048576K
}
Event: 2.798 GC heap after
{Heap after GC invocations=2 (full 0):
 garbage-first heap   total 55296K, used 22191K [0x00000000cac00000, 0x0000000100000000)
  region size 1024K, 3 young (3072K), 3 survivors (3072K)
 Metaspace       used 6764K, committed 6976K, reserved 1114112K
  class space    used 716K, committed 832K, reserved 1048576K
}
Event: 3.611 GC heap before
{Heap before GC invocations=2 (full 0):
 garbage-first heap   total 86016K, used 84655K [0x00000000cac00000, 0x0000000100000000)
  region size 1024K, 26 young (26624K), 3 survivors (3072K)
 Metaspace       used 6764K, committed 6976K, reserved 1114112K
  class space    used 716K, committed 832K, reserved 1048576K
}
Event: 3.618 GC heap after
{Heap after GC invocations=3 (full 0):
 garbage-first heap   total 89088K, used 62183K [0x00000000cac00000, 0x0000000100000000)
  region size 1024K, 1 young (1024K), 1 survivors (1024K)
 Metaspace       used 6764K, committed 6976K, reserved 1114112K
  class space    used 716K, committed 832K, reserved 1048576K
}
Event: 3.854 GC heap before
{Heap before GC invocations=3 (full 0):
 garbage-first heap   total 89088K, used 77543K [0x00000000cac00000, 0x0000000100000000)
  region size 1024K, 18 young (18432K), 1 survivors (1024K)
 Metaspace       used 6764K, committed 6976K, reserved 1114112K
  class space    used 716K, committed 832K, reserved 1048576K
}
Event: 3.857 GC heap after
{Heap after GC invocations=4 (full 0):
 garbage-first heap   total 89088K, used 60044K [0x00000000cac00000, 0x0000000100000000)
  region size 1024K, 1 young (1024K), 1 survivors (1024K)
 Metaspace       used 6764K, committed 6976K, reserved 1114112K
  class space    used 716K, committed 832K, reserved 1048576K
}
Event: 3.870 GC heap before
{Heap before GC invocations=5 (full 0):
 garbage-first heap   total 106496K, used 62092K [0x00000000cac00000, 0x0000000100000000)
  region size 1024K, 2 young (2048K), 1 survivors (1024K)
 Metaspace       used 6764K, committed 6976K, reserved 1114112K
  class space    used 716K, committed 832K, reserved 1048576K
}
Event: 3.874 GC heap after
{Heap after GC invocations=6 (full 0):
 garbage-first heap   total 106496K, used 62220K [0x00000000cac00000, 0x0000000100000000)
  region size 1024K, 1 young (1024K), 1 survivors (1024K)
 Metaspace       used 6764K, committed 6976K, reserved 1114112K
  class space    used 716K, committed 832K, reserved 1048576K
}
Event: 4.241 GC heap before
{Heap before GC invocations=7 (full 0):
 garbage-first heap   total 109568K, used 65292K [0x00000000cac00000, 0x0000000100000000)
  region size 1024K, 3 young (3072K), 1 survivors (1024K)
 Metaspace       used 6764K, committed 6976K, reserved 1114112K
  class space    used 716K, committed 832K, reserved 1048576K
}
Event: 4.243 GC heap after
{Heap after GC invocations=8 (full 0):
 garbage-first heap   total 109568K, used 62132K [0x00000000cac00000, 0x0000000100000000)
  region size 1024K, 1 young (1024K), 1 survivors (1024K)
 Metaspace       used 6764K, committed 6976K, reserved 1114112K
  class space    used 716K, committed 832K, reserved 1048576K
}
Event: 4.381 GC heap before
{Heap before GC invocations=9 (full 0):
 garbage-first heap   total 147456K, used 110260K [0x00000000cac00000, 0x0000000100000000)
  region size 1024K, 26 young (26624K), 1 survivors (1024K)
 Metaspace       used 6764K, committed 6976K, reserved 1114112K
  class space    used 716K, committed 832K, reserved 1048576K
}
Event: 4.383 GC heap after
{Heap after GC invocations=10 (full 0):
 garbage-first heap   total 190464K, used 86741K [0x00000000cac00000, 0x0000000100000000)
  region size 1024K, 1 young (1024K), 1 survivors (1024K)
 Metaspace       used 6764K, committed 6976K, reserved 1114112K
  class space    used 716K, committed 832K, reserved 1048576K
}
Event: 4.564 GC heap before
{Heap before GC invocations=11 (full 0):
 garbage-first heap   total 190464K, used 89813K [0x00000000cac00000, 0x0000000100000000)
  region size 1024K, 3 young (3072K), 1 survivors (1024K)
 Metaspace       used 6764K, committed 6976K, reserved 1114112K
  class space    used 716K, committed 832K, reserved 1048576K
}
Event: 4.571 GC heap after
{Heap after GC invocations=12 (full 0):
 garbage-first heap   total 190464K, used 88728K [0x00000000cac00000, 0x0000000100000000)
  region size 1024K, 1 young (1024K), 1 survivors (1024K)
 Metaspace       used 6764K, committed 6976K, reserved 1114112K
  class space    used 716K, committed 832K, reserved 1048576K
}
Event: 4.750 GC heap before
{Heap before GC invocations=13 (full 0):
 garbage-first heap   total 191488K, used 138904K [0x00000000cac00000, 0x0000000100000000)
  region size 1024K, 27 young (27648K), 1 survivors (1024K)
 Metaspace       used 6764K, committed 6976K, reserved 1114112K
  class space    used 716K, committed 832K, reserved 1048576K
}
Event: 4.753 GC heap after
{Heap after GC invocations=14 (full 0):
 garbage-first heap   total 191488K, used 113432K [0x00000000cac00000, 0x0000000100000000)
  region size 1024K, 1 young (1024K), 1 survivors (1024K)
 Metaspace       used 6764K, committed 6976K, reserved 1114112K
  class space    used 716K, committed 832K, reserved 1048576K
}
Event: 7.128 GC heap before
{Heap before GC invocations=15 (full 0):
 garbage-first heap   total 194560K, used 130840K [0x00000000cac00000, 0x0000000100000000)
  region size 1024K, 17 young (17408K), 1 survivors (1024K)
 Metaspace       used 16135K, committed 16384K, reserved 1114112K
  class space    used 1814K, committed 1920K, reserved 1048576K
}
Event: 7.134 GC heap after
{Heap after GC invocations=16 (full 0):
 garbage-first heap   total 194560K, used 118323K [0x00000000cac00000, 0x0000000100000000)
  region size 1024K, 4 young (4096K), 4 survivors (4096K)
 Metaspace       used 16135K, committed 16384K, reserved 1114112K
  class space    used 1814K, committed 1920K, reserved 1048576K
}
Event: 278.372 GC heap before
{Heap before GC invocations=17 (full 0):
 garbage-first heap   total 204800K, used 125491K [0x00000000cac00000, 0x0000000100000000)
  region size 1024K, 10 young (10240K), 4 survivors (4096K)
 Metaspace       used 16622K, committed 16896K, reserved 1114112K
  class space    used 1841K, committed 1984K, reserved 1048576K
}

