# JRE version: Java(TM) SE Runtime Environment (21.0.2+13) (build 21.0.2+13-LTS-58)
# Java VM: Java HotSpot(TM) 64-Bit Server VM (21.0.2+13-LTS-58, mixed mode, sharing, tiered, compressed oops, compressed class ptrs, g1 gc, windows-amd64)
GC Precious Log:
 CardTable entry size: 512
 Card Set container configuration: InlinePtr #cards 5 size 8 Array Of Cards #cards 12 size 40 Howl #buckets 4 coarsen threshold 1843 Howl Bitmap #cards 512 size 80 coarsen threshold 460 Card regions per heap region 1 cards per card region 2048
 CPUs: 12 total, 12 available
 Memory: 3406M
 Large Page Support: Disabled
 NUMA Support: Disabled
 Compressed Oops: Enabled (32-bit)
 Heap Region Size: 1M
 Heap Min Capacity: 8M
 Heap Initial Capacity: 54M
 Heap Max Capacity: 852M
 Pre-touch: Disabled
 Parallel Workers: 10
 Concurrent Workers: 3
 Concurrent Refinement Workers: 10
 Periodic GC: Disabled
Heap:
 garbage-first heap   total 290816K, used 203432K [0x00000000cac00000, 0x0000000100000000)
  region size 1024K, 1 young (1024K), 1 survivors (1024K)
 Metaspace       used 6777K, committed 6976K, reserved 1114112K
  class space    used 716K, committed 832K, reserved 1048576K
GC Heap History (18 events):
Event: 1.485 GC heap before
{Heap before GC invocations=0 (full 0):
 garbage-first heap   total 55296K, used 34816K [0x00000000cac00000, 0x0000000100000000)
  region size 1024K, 23 young (23552K), 0 survivors (0K)
 Metaspace       used 6770K, committed 6976K, reserved 1114112K
  class space    used 715K, committed 832K, reserved 1048576K
}
Event: 1.492 GC heap after
{Heap after GC invocations=1 (full 0):
 garbage-first heap   total 55296K, used 14336K [0x00000000cac00000, 0x0000000100000000)
  region size 1024K, 3 young (3072K), 3 survivors (3072K)
 Metaspace       used 6770K, committed 6976K, reserved 1114112K
  class space    used 715K, committed 832K, reserved 1048576K
}
Event: 1.622 GC heap before
{Heap before GC invocations=1 (full 0):
 garbage-first heap   total 55296K, used 15360K [0x00000000cac00000, 0x0000000100000000)
  region size 1024K, 5 young (5120K), 3 survivors (3072K)
 Metaspace       used 6773K, committed 6976K, reserved 1114112K
  class space    used 715K, committed 832K, reserved 1048576K
}
Event: 1.629 GC heap after
{Heap after GC invocations=2 (full 0):
 garbage-first heap   total 55296K, used 14271K [0x00000000cac00000, 0x0000000100000000)
  region size 1024K, 1 young (1024K), 1 survivors (1024K)
 Metaspace       used 6773K, committed 6976K, reserved 1114112K
  class space    used 715K, committed 832K, reserved 1048576K
}
Event: 2.008 GC heap before
{Heap before GC invocations=2 (full 0):
 garbage-first heap   total 55296K, used 53183K [0x00000000cac00000, 0x0000000100000000)
  region size 1024K, 16 young (16384K), 1 survivors (1024K)
 Metaspace       used 6777K, committed 6976K, reserved 1114112K
  class space    used 716K, committed 832K, reserved 1048576K
}
Event: 2.010 GC heap after
{Heap after GC invocations=3 (full 0):
 garbage-first heap   total 56320K, used 38606K [0x00000000cac00000, 0x0000000100000000)
  region size 1024K, 1 young (1024K), 1 survivors (1024K)
 Metaspace       used 6777K, committed 6976K, reserved 1114112K
  class space    used 716K, committed 832K, reserved 1048576K
}
Event: 2.241 GC heap before
{Heap before GC invocations=3 (full 0):
 garbage-first heap   total 56320K, used 47822K [0x00000000cac00000, 0x0000000100000000)
  region size 1024K, 11 young (11264K), 1 survivors (1024K)
 Metaspace       used 6777K, committed 6976K, reserved 1114112K
  class space    used 716K, committed 832K, reserved 1048576K
}
Event: 2.243 GC heap after
{Heap after GC invocations=4 (full 0):
 garbage-first heap   total 56320K, used 38585K [0x00000000cac00000, 0x0000000100000000)
  region size 1024K, 1 young (1024K), 1 survivors (1024K)
 Metaspace       used 6777K, committed 6976K, reserved 1114112K
  class space    used 716K, committed 832K, reserved 1048576K
}
Event: 2.522 GC heap before
{Heap before GC invocations=5 (full 0):
 garbage-first heap   total 71680K, used 41657K [0x00000000cac00000, 0x0000000100000000)
  region size 1024K, 3 young (3072K), 1 survivors (1024K)
 Metaspace       used 6777K, committed 6976K, reserved 1114112K
  class space    used 716K, committed 832K, reserved 1048576K
}
Event: 2.524 GC heap after
{Heap after GC invocations=6 (full 0):
 garbage-first heap   total 71680K, used 40543K [0x00000000cac00000, 0x0000000100000000)
  region size 1024K, 1 young (1024K), 1 survivors (1024K)
 Metaspace       used 6777K, committed 6976K, reserved 1114112K
  class space    used 716K, committed 832K, reserved 1048576K
}
Event: 2.532 GC heap before
{Heap before GC invocations=7 (full 0):
 garbage-first heap   total 75776K, used 42591K [0x00000000cac00000, 0x0000000100000000)
  region size 1024K, 2 young (2048K), 1 survivors (1024K)
 Metaspace       used 6777K, committed 6976K, reserved 1114112K
  class space    used 716K, committed 832K, reserved 1048576K
}
Event: 2.533 GC heap after
{Heap after GC invocations=8 (full 0):
 garbage-first heap   total 75776K, used 42633K [0x00000000cac00000, 0x0000000100000000)
  region size 1024K, 1 young (1024K), 1 survivors (1024K)
 Metaspace       used 6777K, committed 6976K, reserved 1114112K
  class space    used 716K, committed 832K, reserved 1048576K
}
Event: 2.768 GC heap before
{Heap before GC invocations=9 (full 0):
 garbage-first heap   total 140288K, used 107145K [0x00000000cac00000, 0x0000000100000000)
  region size 1024K, 26 young (26624K), 1 survivors (1024K)
 Metaspace       used 6777K, committed 6976K, reserved 1114112K
  class space    used 716K, committed 832K, reserved 1048576K
}
Event: 2.770 GC heap after
{Heap after GC invocations=10 (full 0):
 garbage-first heap   total 192512K, used 82572K [0x00000000cac00000, 0x0000000100000000)
  region size 1024K, 1 young (1024K), 1 survivors (1024K)
 Metaspace       used 6777K, committed 6976K, reserved 1114112K
  class space    used 716K, committed 832K, reserved 1048576K
}
Event: 3.165 GC heap before
{Heap before GC invocations=10 (full 0):
 garbage-first heap   total 192512K, used 101004K [0x00000000cac00000, 0x0000000100000000)
  region size 1024K, 17 young (17408K), 1 survivors (1024K)
 Metaspace       used 6777K, committed 6976K, reserved 1114112K
  class space    used 716K, committed 832K, reserved 1048576K
}
Event: 3.167 GC heap after
{Heap after GC invocations=11 (full 0):
 garbage-first heap   total 192512K, used 82524K [0x00000000cac00000, 0x0000000100000000)
  region size 1024K, 1 young (1024K), 1 survivors (1024K)
 Metaspace       used 6777K, committed 6976K, reserved 1114112K
  class space    used 716K, committed 832K, reserved 1048576K
}
Event: 3.318 GC heap before
{Heap before GC invocations=11 (full 0):
 garbage-first heap   total 192512K, used 104028K [0x00000000cac00000, 0x0000000100000000)
  region size 1024K, 2 young (2048K), 1 survivors (1024K)
 Metaspace       used 6777K, committed 6976K, reserved 1114112K
  class space    used 716K, committed 832K, reserved 1048576K
}
Event: 3.320 GC heap after
{Heap after GC invocations=12 (full 0):
 garbage-first heap   total 192512K, used 104104K [0x00000000cac00000, 0x0000000100000000)
  region size 1024K, 1 young (1024K), 1 survivors (1024K)
 Metaspace       used 6777K, committed 6976K, reserved 1114112K
  class space    used 716K, committed 832K, reserved 1048576K
}

